[03-Dec-2018 18:11:54 UTC] PHP Warning:  require(../autoload.php): failed to open stream: No such file or directory in /home/ubuntu/workspace/practicaUsuarios/admin/administracionPanel/classes/izv/sessions/destroySesion.php on line 2
[03-Dec-2018 18:11:54 UTC] PHP Fatal error:  require(): Failed opening required '../autoload.php' (include_path='.:/usr/share/php') in /home/ubuntu/workspace/practicaUsuarios/admin/administracionPanel/classes/izv/sessions/destroySesion.php on line 2
[03-Dec-2018 18:12:26 UTC] PHP Fatal error:  Uncaught Error: Class 'izv\sessions\Session' not found in /home/ubuntu/workspace/practicaUsuarios/admin/administracionPanel/classes/izv/sessions/destroySesion.php:12
Stack trace:
#0 {main}
  thrown in /home/ubuntu/workspace/practicaUsuarios/admin/administracionPanel/classes/izv/sessions/destroySesion.php on line 12
[03-Dec-2018 18:13:43 UTC] PHP Fatal error:  Uncaught Error: Class 'izv\tools\Session' not found in /home/ubuntu/workspace/practicaUsuarios/admin/administracionPanel/classes/izv/sessions/destroySesion.php:12
Stack trace:
#0 {main}
  thrown in /home/ubuntu/workspace/practicaUsuarios/admin/administracionPanel/classes/izv/sessions/destroySesion.php on line 12
[03-Dec-2018 18:16:03 UTC] PHP Fatal error:  Uncaught Error: Class 'Session' not found in /home/ubuntu/workspace/practicaUsuarios/admin/administracionPanel/classes/izv/sessions/destroySesion.php:12
Stack trace:
#0 {main}
  thrown in /home/ubuntu/workspace/practicaUsuarios/admin/administracionPanel/classes/izv/sessions/destroySesion.php on line 12
[03-Dec-2018 18:16:23 UTC] PHP Fatal error:  Uncaught Error: Class 'izv\tools\Session' not found in /home/ubuntu/workspace/practicaUsuarios/admin/administracionPanel/classes/izv/sessions/destroySesion.php:12
Stack trace:
#0 {main}
  thrown in /home/ubuntu/workspace/practicaUsuarios/admin/administracionPanel/classes/izv/sessions/destroySesion.php on line 12
[03-Dec-2018 18:16:37 UTC] PHP Parse error:  syntax error, unexpected '.', expecting ',' or ';' in /home/ubuntu/workspace/practicaUsuarios/admin/administracionPanel/classes/izv/sessions/destroySesion.php on line 10
[03-Dec-2018 18:16:53 UTC] PHP Fatal error:  Uncaught Error: Class 'izv\tools\Session' not found in /home/ubuntu/workspace/practicaUsuarios/admin/administracionPanel/classes/izv/sessions/destroySesion.php:12
Stack trace:
#0 {main}
  thrown in /home/ubuntu/workspace/practicaUsuarios/admin/administracionPanel/classes/izv/sessions/destroySesion.php on line 12
[03-Dec-2018 18:20:24 UTC] PHP Warning:  require(/practicaUsuarios/admin/administracionPanel/classes/autoload.php): failed to open stream: No such file or directory in /home/ubuntu/workspace/practicaUsuarios/admin/administracionPanel/classes/izv/sessions/destroySesion.php on line 2
[03-Dec-2018 18:20:24 UTC] PHP Fatal error:  require(): Failed opening required '/practicaUsuarios/admin/administracionPanel/classes/autoload.php' (include_path='.:/usr/share/php') in /home/ubuntu/workspace/practicaUsuarios/admin/administracionPanel/classes/izv/sessions/destroySesion.php on line 2
[03-Dec-2018 18:21:02 UTC] PHP Warning:  require(../../classes/autoload.php): failed to open stream: No such file or directory in /home/ubuntu/workspace/practicaUsuarios/admin/administracionPanel/classes/izv/sessions/destroySesion.php on line 2
[03-Dec-2018 18:21:02 UTC] PHP Fatal error:  require(): Failed opening required '../../classes/autoload.php' (include_path='.:/usr/share/php') in /home/ubuntu/workspace/practicaUsuarios/admin/administracionPanel/classes/izv/sessions/destroySesion.php on line 2
[03-Dec-2018 18:21:11 UTC] PHP Fatal error:  Uncaught Error: Class 'izv\tools\Session' not found in /home/ubuntu/workspace/practicaUsuarios/admin/administracionPanel/classes/izv/sessions/destroySesion.php:12
Stack trace:
#0 {main}
  thrown in /home/ubuntu/workspace/practicaUsuarios/admin/administracionPanel/classes/izv/sessions/destroySesion.php on line 12
[03-Dec-2018 18:21:34 UTC] PHP Fatal error:  Uncaught Error: Class 'Session' not found in /home/ubuntu/workspace/practicaUsuarios/admin/administracionPanel/classes/izv/sessions/destroySesion.php:12
Stack trace:
#0 {main}
  thrown in /home/ubuntu/workspace/practicaUsuarios/admin/administracionPanel/classes/izv/sessions/destroySesion.php on line 12
[03-Dec-2018 18:22:04 UTC] PHP Parse error:  syntax error, unexpected '/', expecting ',' or ';' in /home/ubuntu/workspace/practicaUsuarios/admin/administracionPanel/classes/izv/sessions/destroySesion.php on line 10
[03-Dec-2018 18:23:01 UTC] PHP Fatal error:  Uncaught Error: Class 'izv\sessions\Session' not found in /home/ubuntu/workspace/practicaUsuarios/admin/administracionPanel/classes/izv/sessions/destroySesion.php:12
Stack trace:
#0 {main}
  thrown in /home/ubuntu/workspace/practicaUsuarios/admin/administracionPanel/classes/izv/sessions/destroySesion.php on line 12
[03-Dec-2018 18:23:36 UTC] PHP Fatal error:  Uncaught Error: Class 'izv\sessions\Session' not found in /home/ubuntu/workspace/practicaUsuarios/admin/administracionPanel/classes/izv/sessions/destroySesion.php:12
Stack trace:
#0 {main}
  thrown in /home/ubuntu/workspace/practicaUsuarios/admin/administracionPanel/classes/izv/sessions/destroySesion.php on line 12
[03-Dec-2018 18:30:51 UTC] PHP Fatal error:  Uncaught Error: Undefined constant 'izv\sessions' in /home/ubuntu/workspace/practicaUsuarios/admin/administracionPanel/classes/izv/sessions/Session.php:2
Stack trace:
#0 /home/ubuntu/workspace/practicaUsuarios/admin/administracionPanel/classes/autoload.php(7): require()
#1 [internal function]: {closure}('izv\\sessions\\Se...')
#2 /home/ubuntu/workspace/practicaUsuarios/admin/administracionPanel/classes/izv/sessions/destroySesion.php(12): spl_autoload_call('izv\\sessions\\Se...')
#3 {main}
  thrown in /home/ubuntu/workspace/practicaUsuarios/admin/administracionPanel/classes/izv/sessions/Session.php on line 2
